<?xml version="1.0" encoding="UTF-8"?>
<robot generator="Robot 4.1.3 (Python 3.9.10 on darwin)" generated="20220321 16:48:25.137" rpa="false" schemaversion="2">
<suite id="s1" name="Webtest" source="/Users/lyban/Desktop/auto21/tests/webtest.robot">
<test id="s1-t1" name="User Can Access Booking Info">
<kw name="Open Webbrowser" type="SETUP">
<kw name="Open Browser" library="SeleniumLibrary">
<arg>http://rental16.infotiv.net/webpage/html/gui/index.php</arg>
<arg>${BROWSER}</arg>
<doc>Opens a new browser instance to the optional ``url``.</doc>
<msg timestamp="20220321 16:48:25.256" level="INFO">Opening browser 'headlesschrome' to base url 'http://rental16.infotiv.net/webpage/html/gui/index.php'.</msg>
<status status="PASS" starttime="20220321 16:48:25.256" endtime="20220321 16:48:30.619"/>
</kw>
<kw name="Maximize Browser Window" library="SeleniumLibrary">
<doc>Maximizes current browser window.</doc>
<status status="PASS" starttime="20220321 16:48:30.620" endtime="20220321 16:48:30.731"/>
</kw>
<kw name="Wait Until Page Contains" library="SeleniumLibrary">
<arg>When do you want to make your trip?</arg>
<doc>Waits until ``text`` appears on the current page.</doc>
<status status="PASS" starttime="20220321 16:48:30.731" endtime="20220321 16:48:31.004"/>
</kw>
<status status="PASS" starttime="20220321 16:48:25.255" endtime="20220321 16:48:31.004"/>
</kw>
<kw name="Given LogsIn With Valid Credentials">
<kw name="Input Text" library="SeleniumLibrary">
<arg>xpath:/html/body/header/div/div/div[2]/form/div[1]/input[1]</arg>
<arg>Samy2@gmail.com</arg>
<doc>Types the given ``text`` into the text field identified by ``locator``.</doc>
<msg timestamp="20220321 16:48:31.005" level="INFO">Typing text 'Samy2@gmail.com' into text field 'xpath:/html/body/header/div/div/div[2]/form/div[1]/input[1]'.</msg>
<status status="PASS" starttime="20220321 16:48:31.005" endtime="20220321 16:48:31.435"/>
</kw>
<kw name="Input Text" library="SeleniumLibrary">
<arg>xpath:/html/body/header/div/div/div[2]/form/div[1]/input[2]</arg>
<arg>SteveKarl</arg>
<doc>Types the given ``text`` into the text field identified by ``locator``.</doc>
<msg timestamp="20220321 16:48:31.435" level="INFO">Typing text 'SteveKarl' into text field 'xpath:/html/body/header/div/div/div[2]/form/div[1]/input[2]'.</msg>
<status status="PASS" starttime="20220321 16:48:31.435" endtime="20220321 16:48:31.517"/>
</kw>
<kw name="Click Button" library="SeleniumLibrary">
<arg>//*[@id="login"]</arg>
<doc>Clicks the button identified by ``locator``.</doc>
<msg timestamp="20220321 16:48:31.517" level="INFO">Clicking button '//*[@id="login"]'.</msg>
<status status="PASS" starttime="20220321 16:48:31.517" endtime="20220321 16:48:31.810"/>
</kw>
<status status="PASS" starttime="20220321 16:48:31.004" endtime="20220321 16:48:31.810"/>
</kw>
<kw name="When Press The My Page Button">
<kw name="Click Button" library="SeleniumLibrary">
<arg>//*[@id="mypage"]</arg>
<doc>Clicks the button identified by ``locator``.</doc>
<msg timestamp="20220321 16:48:31.811" level="INFO">Clicking button '//*[@id="mypage"]'.</msg>
<status status="PASS" starttime="20220321 16:48:31.810" endtime="20220321 16:48:31.903"/>
</kw>
<kw name="Wait Until Page Contains" library="SeleniumLibrary">
<arg>My bookings</arg>
<doc>Waits until ``text`` appears on the current page.</doc>
<status status="PASS" starttime="20220321 16:48:31.903" endtime="20220321 16:48:31.912"/>
</kw>
<status status="PASS" starttime="20220321 16:48:31.810" endtime="20220321 16:48:31.912"/>
</kw>
<kw name="Then Check Booking Table Info">
<kw name="Wait Until Page Contains" library="SeleniumLibrary">
<arg>orderID</arg>
<doc>Waits until ``text`` appears on the current page.</doc>
<status status="PASS" starttime="20220321 16:48:31.912" endtime="20220321 16:48:31.919"/>
</kw>
<kw name="Wait Until Page Contains" library="SeleniumLibrary">
<arg>Brand</arg>
<doc>Waits until ``text`` appears on the current page.</doc>
<status status="PASS" starttime="20220321 16:48:31.919" endtime="20220321 16:48:31.926"/>
</kw>
<kw name="Wait Until Page Contains" library="SeleniumLibrary">
<arg>Model</arg>
<doc>Waits until ``text`` appears on the current page.</doc>
<status status="PASS" starttime="20220321 16:48:31.926" endtime="20220321 16:48:31.933"/>
</kw>
<kw name="Wait Until Page Contains" library="SeleniumLibrary">
<arg>Booked from</arg>
<doc>Waits until ``text`` appears on the current page.</doc>
<status status="PASS" starttime="20220321 16:48:31.933" endtime="20220321 16:48:31.940"/>
</kw>
<kw name="Wait Until Page Contains" library="SeleniumLibrary">
<arg>Until</arg>
<doc>Waits until ``text`` appears on the current page.</doc>
<status status="PASS" starttime="20220321 16:48:31.940" endtime="20220321 16:48:31.947"/>
</kw>
<kw name="Wait Until Page Contains" library="SeleniumLibrary">
<arg>Passengers</arg>
<doc>Waits until ``text`` appears on the current page.</doc>
<status status="PASS" starttime="20220321 16:48:31.947" endtime="20220321 16:48:31.953"/>
</kw>
<kw name="Wait Until Page Contains" library="SeleniumLibrary">
<arg>License Number</arg>
<doc>Waits until ``text`` appears on the current page.</doc>
<status status="PASS" starttime="20220321 16:48:31.953" endtime="20220321 16:48:31.959"/>
</kw>
<kw name="Wait Until Page Contains" library="SeleniumLibrary">
<arg>Cancel booking</arg>
<doc>Waits until ``text`` appears on the current page.</doc>
<status status="PASS" starttime="20220321 16:48:31.959" endtime="20220321 16:48:31.968"/>
</kw>
<status status="PASS" starttime="20220321 16:48:31.912" endtime="20220321 16:48:31.968"/>
</kw>
<kw name="Close Browser" library="SeleniumLibrary" type="TEARDOWN">
<doc>Closes the current browser.</doc>
<status status="PASS" starttime="20220321 16:48:31.968" endtime="20220321 16:48:32.029"/>
</kw>
<doc>Test My Page Bookings Info</doc>
<tag>Testcase 2</tag>
<status status="PASS" starttime="20220321 16:48:25.255" endtime="20220321 16:48:32.030"/>
</test>
<status status="PASS" starttime="20220321 16:48:25.138" endtime="20220321 16:48:32.031"/>
</suite>
<statistics>
<total>
<stat pass="1" fail="0" skip="0">All Tests</stat>
</total>
<tag>
<stat pass="1" fail="0" skip="0">Testcase 2</stat>
</tag>
<suite>
<stat pass="1" fail="0" skip="0" id="s1" name="Webtest">Webtest</stat>
</suite>
</statistics>
<errors>
</errors>
</robot>
