<?xml version="1.0" encoding="UTF-8"?>
<robot generator="Robot 4.1.3 (Python 3.9.10 on darwin)" generated="20220321 16:08:32.175" rpa="false" schemaversion="2">
<suite id="s1" name="Tests" source="/Users/lyban/Desktop/auto21/Tests">
<suite id="s1-s1" name="Webtest" source="/Users/lyban/Desktop/auto21/Tests/webtest.robot">
<test id="s1-s1-t1" name="User Can Create New User">
<kw name="Open Webbrowser" type="SETUP">
<kw name="Open Browser" library="SeleniumLibrary">
<arg>about:blank</arg>
<arg>${BROWSER}</arg>
<doc>Opens a new browser instance to the optional ``url``.</doc>
<msg timestamp="20220321 16:08:32.299" level="INFO">Opening browser 'headlesschrome' to base url 'about:blank'.</msg>
<status status="PASS" starttime="20220321 16:08:32.299" endtime="20220321 16:08:34.642"/>
</kw>
<kw name="Maximize Browser Window" library="SeleniumLibrary">
<doc>Maximizes current browser window.</doc>
<status status="PASS" starttime="20220321 16:08:34.642" endtime="20220321 16:08:34.748"/>
</kw>
<kw name="Go To" library="SeleniumLibrary">
<arg>http://rental16.infotiv.net/webpage/html/gui/index.php</arg>
<doc>Navigates the current browser window to the provided ``url``.</doc>
<msg timestamp="20220321 16:08:34.748" level="INFO">Opening url 'http://rental16.infotiv.net/webpage/html/gui/index.php'</msg>
<status status="PASS" starttime="20220321 16:08:34.748" endtime="20220321 16:08:35.110"/>
</kw>
<kw name="Wait Until Page Contains" library="SeleniumLibrary">
<arg>When do you want to make your trip?</arg>
<doc>Waits until ``text`` appears on the current page.</doc>
<status status="PASS" starttime="20220321 16:08:35.110" endtime="20220321 16:08:35.218"/>
</kw>
<status status="PASS" starttime="20220321 16:08:32.299" endtime="20220321 16:08:35.218"/>
</kw>
<kw name="Click Button" library="SeleniumLibrary">
<arg>//*[@id="createUser"]</arg>
<doc>Clicks the button identified by ``locator``.</doc>
<msg timestamp="20220321 16:08:35.218" level="INFO">Clicking button '//*[@id="createUser"]'.</msg>
<status status="PASS" starttime="20220321 16:08:35.218" endtime="20220321 16:08:35.396"/>
</kw>
<kw name="Given Inputs Valid New User Creadentials">
<kw name="Wait Until Page Contains" library="SeleniumLibrary">
<arg>Create a new user</arg>
<doc>Waits until ``text`` appears on the current page.</doc>
<status status="PASS" starttime="20220321 16:08:35.396" endtime="20220321 16:08:35.406"/>
</kw>
<kw name="Input Text" library="SeleniumLibrary">
<arg>xpath:/html/body/div/div[2]/form/div[1]/input[1]</arg>
<arg>Tom</arg>
<doc>Types the given ``text`` into the text field identified by ``locator``.</doc>
<msg timestamp="20220321 16:08:35.406" level="INFO">Typing text 'Tom' into text field 'xpath:/html/body/div/div[2]/form/div[1]/input[1]'.</msg>
<status status="PASS" starttime="20220321 16:08:35.406" endtime="20220321 16:08:35.519"/>
</kw>
<kw name="Input Text" library="SeleniumLibrary">
<arg>xpath:/html/body/div/div[2]/form/div[1]/input[2]</arg>
<arg>Bob</arg>
<doc>Types the given ``text`` into the text field identified by ``locator``.</doc>
<msg timestamp="20220321 16:08:35.519" level="INFO">Typing text 'Bob' into text field 'xpath:/html/body/div/div[2]/form/div[1]/input[2]'.</msg>
<status status="PASS" starttime="20220321 16:08:35.519" endtime="20220321 16:08:35.567"/>
</kw>
<kw name="Input Text" library="SeleniumLibrary">
<arg>xpath:/html/body/div/div[2]/form/div[1]/input[3]</arg>
<arg>07297445294</arg>
<doc>Types the given ``text`` into the text field identified by ``locator``.</doc>
<msg timestamp="20220321 16:08:35.568" level="INFO">Typing text '07297445294' into text field 'xpath:/html/body/div/div[2]/form/div[1]/input[3]'.</msg>
<status status="PASS" starttime="20220321 16:08:35.567" endtime="20220321 16:08:35.630"/>
</kw>
<kw name="Input Text" library="SeleniumLibrary">
<arg>xpath:/html/body/div/div[2]/form/div[1]/input[4]</arg>
<arg>Samy9@gmail.com</arg>
<doc>Types the given ``text`` into the text field identified by ``locator``.</doc>
<msg timestamp="20220321 16:08:35.630" level="INFO">Typing text 'Samy9@gmail.com' into text field 'xpath:/html/body/div/div[2]/form/div[1]/input[4]'.</msg>
<status status="PASS" starttime="20220321 16:08:35.630" endtime="20220321 16:08:35.679"/>
</kw>
<kw name="Input Text" library="SeleniumLibrary">
<arg>xpath:/html/body/div/div[2]/form/div[1]/input[5]</arg>
<arg>Samy9@gmail.com</arg>
<doc>Types the given ``text`` into the text field identified by ``locator``.</doc>
<msg timestamp="20220321 16:08:35.679" level="INFO">Typing text 'Samy9@gmail.com' into text field 'xpath:/html/body/div/div[2]/form/div[1]/input[5]'.</msg>
<status status="PASS" starttime="20220321 16:08:35.679" endtime="20220321 16:08:35.730"/>
</kw>
<kw name="Input Text" library="SeleniumLibrary">
<arg>xpath:/html/body/div/div[2]/form/div[1]/input[6]</arg>
<arg>SteveKarl</arg>
<doc>Types the given ``text`` into the text field identified by ``locator``.</doc>
<msg timestamp="20220321 16:08:35.730" level="INFO">Typing text 'SteveKarl' into text field 'xpath:/html/body/div/div[2]/form/div[1]/input[6]'.</msg>
<status status="PASS" starttime="20220321 16:08:35.730" endtime="20220321 16:08:35.793"/>
</kw>
<kw name="Input Text" library="SeleniumLibrary">
<arg>xpath:/html/body/div/div[2]/form/div[1]/input[7]</arg>
<arg>SteveKarl</arg>
<doc>Types the given ``text`` into the text field identified by ``locator``.</doc>
<msg timestamp="20220321 16:08:35.793" level="INFO">Typing text 'SteveKarl' into text field 'xpath:/html/body/div/div[2]/form/div[1]/input[7]'.</msg>
<status status="PASS" starttime="20220321 16:08:35.793" endtime="20220321 16:08:35.844"/>
</kw>
<status status="PASS" starttime="20220321 16:08:35.396" endtime="20220321 16:08:35.845"/>
</kw>
<kw name="When Press The Create Button">
<kw name="Click Button" library="SeleniumLibrary">
<arg>//*[@id="create"]</arg>
<doc>Clicks the button identified by ``locator``.</doc>
<msg timestamp="20220321 16:08:35.845" level="INFO">Clicking button '//*[@id="create"]'.</msg>
<status status="PASS" starttime="20220321 16:08:35.845" endtime="20220321 16:08:36.051"/>
</kw>
<status status="PASS" starttime="20220321 16:08:35.845" endtime="20220321 16:08:36.051"/>
</kw>
<kw name="Then Wait Until Page Contains" library="SeleniumLibrary">
<arg>Logout</arg>
<doc>Waits until ``text`` appears on the current page.</doc>
<status status="PASS" starttime="20220321 16:08:36.051" endtime="20220321 16:08:36.065"/>
</kw>
<kw name="Close Browser" library="SeleniumLibrary" type="TEARDOWN">
<doc>Closes the current browser.</doc>
<status status="PASS" starttime="20220321 16:08:36.065" endtime="20220321 16:08:36.126"/>
</kw>
<doc>Test Create New User</doc>
<tag>Testcase 1</tag>
<status status="PASS" starttime="20220321 16:08:32.298" endtime="20220321 16:08:36.126"/>
</test>
<test id="s1-s1-t2" name="User Can Access Booking Info">
<kw name="Open Webbrowser" type="SETUP">
<kw name="Open Browser" library="SeleniumLibrary">
<arg>about:blank</arg>
<arg>${BROWSER}</arg>
<doc>Opens a new browser instance to the optional ``url``.</doc>
<msg timestamp="20220321 16:08:36.127" level="INFO">Opening browser 'headlesschrome' to base url 'about:blank'.</msg>
<status status="PASS" starttime="20220321 16:08:36.127" endtime="20220321 16:08:37.232"/>
</kw>
<kw name="Maximize Browser Window" library="SeleniumLibrary">
<doc>Maximizes current browser window.</doc>
<status status="PASS" starttime="20220321 16:08:37.233" endtime="20220321 16:08:37.338"/>
</kw>
<kw name="Go To" library="SeleniumLibrary">
<arg>http://rental16.infotiv.net/webpage/html/gui/index.php</arg>
<doc>Navigates the current browser window to the provided ``url``.</doc>
<msg timestamp="20220321 16:08:37.338" level="INFO">Opening url 'http://rental16.infotiv.net/webpage/html/gui/index.php'</msg>
<status status="PASS" starttime="20220321 16:08:37.338" endtime="20220321 16:08:37.604"/>
</kw>
<kw name="Wait Until Page Contains" library="SeleniumLibrary">
<arg>When do you want to make your trip?</arg>
<doc>Waits until ``text`` appears on the current page.</doc>
<status status="PASS" starttime="20220321 16:08:37.604" endtime="20220321 16:08:37.687"/>
</kw>
<status status="PASS" starttime="20220321 16:08:36.127" endtime="20220321 16:08:37.687"/>
</kw>
<kw name="Given LogsIn With Valid Credentials">
<kw name="Input Text" library="SeleniumLibrary">
<arg>xpath:/html/body/header/div/div/div[2]/form/div[1]/input[1]</arg>
<arg>Samy2@gmail.com</arg>
<doc>Types the given ``text`` into the text field identified by ``locator``.</doc>
<msg timestamp="20220321 16:08:37.688" level="INFO">Typing text 'Samy2@gmail.com' into text field 'xpath:/html/body/header/div/div/div[2]/form/div[1]/input[1]'.</msg>
<status status="PASS" starttime="20220321 16:08:37.688" endtime="20220321 16:08:37.845"/>
</kw>
<kw name="Input Text" library="SeleniumLibrary">
<arg>xpath:/html/body/header/div/div/div[2]/form/div[1]/input[2]</arg>
<arg>SteveKarl</arg>
<doc>Types the given ``text`` into the text field identified by ``locator``.</doc>
<msg timestamp="20220321 16:08:37.845" level="INFO">Typing text 'SteveKarl' into text field 'xpath:/html/body/header/div/div/div[2]/form/div[1]/input[2]'.</msg>
<status status="PASS" starttime="20220321 16:08:37.845" endtime="20220321 16:08:37.908"/>
</kw>
<kw name="Click Button" library="SeleniumLibrary">
<arg>//*[@id="login"]</arg>
<doc>Clicks the button identified by ``locator``.</doc>
<msg timestamp="20220321 16:08:37.908" level="INFO">Clicking button '//*[@id="login"]'.</msg>
<status status="PASS" starttime="20220321 16:08:37.908" endtime="20220321 16:08:38.194"/>
</kw>
<status status="PASS" starttime="20220321 16:08:37.687" endtime="20220321 16:08:38.194"/>
</kw>
<kw name="When Press The My Page Button">
<kw name="Click Button" library="SeleniumLibrary">
<arg>//*[@id="mypage"]</arg>
<doc>Clicks the button identified by ``locator``.</doc>
<msg timestamp="20220321 16:08:38.194" level="INFO">Clicking button '//*[@id="mypage"]'.</msg>
<status status="PASS" starttime="20220321 16:08:38.194" endtime="20220321 16:08:38.286"/>
</kw>
<kw name="Wait Until Page Contains" library="SeleniumLibrary">
<arg>My bookings</arg>
<doc>Waits until ``text`` appears on the current page.</doc>
<status status="PASS" starttime="20220321 16:08:38.287" endtime="20220321 16:08:38.294"/>
</kw>
<status status="PASS" starttime="20220321 16:08:38.194" endtime="20220321 16:08:38.295"/>
</kw>
<kw name="Then Check Booking Table Info">
<kw name="Wait Until Page Contains" library="SeleniumLibrary">
<arg>orderID</arg>
<doc>Waits until ``text`` appears on the current page.</doc>
<status status="PASS" starttime="20220321 16:08:38.295" endtime="20220321 16:08:38.302"/>
</kw>
<kw name="Wait Until Page Contains" library="SeleniumLibrary">
<arg>Brand</arg>
<doc>Waits until ``text`` appears on the current page.</doc>
<status status="PASS" starttime="20220321 16:08:38.302" endtime="20220321 16:08:38.308"/>
</kw>
<kw name="Wait Until Page Contains" library="SeleniumLibrary">
<arg>Model</arg>
<doc>Waits until ``text`` appears on the current page.</doc>
<status status="PASS" starttime="20220321 16:08:38.308" endtime="20220321 16:08:38.314"/>
</kw>
<kw name="Wait Until Page Contains" library="SeleniumLibrary">
<arg>Booked from</arg>
<doc>Waits until ``text`` appears on the current page.</doc>
<status status="PASS" starttime="20220321 16:08:38.314" endtime="20220321 16:08:38.320"/>
</kw>
<kw name="Wait Until Page Contains" library="SeleniumLibrary">
<arg>Until</arg>
<doc>Waits until ``text`` appears on the current page.</doc>
<status status="PASS" starttime="20220321 16:08:38.320" endtime="20220321 16:08:38.328"/>
</kw>
<kw name="Wait Until Page Contains" library="SeleniumLibrary">
<arg>Passengers</arg>
<doc>Waits until ``text`` appears on the current page.</doc>
<status status="PASS" starttime="20220321 16:08:38.328" endtime="20220321 16:08:38.335"/>
</kw>
<kw name="Wait Until Page Contains" library="SeleniumLibrary">
<arg>License Number</arg>
<doc>Waits until ``text`` appears on the current page.</doc>
<status status="PASS" starttime="20220321 16:08:38.335" endtime="20220321 16:08:38.341"/>
</kw>
<kw name="Wait Until Page Contains" library="SeleniumLibrary">
<arg>Cancel booking</arg>
<doc>Waits until ``text`` appears on the current page.</doc>
<status status="PASS" starttime="20220321 16:08:38.341" endtime="20220321 16:08:38.348"/>
</kw>
<status status="PASS" starttime="20220321 16:08:38.295" endtime="20220321 16:08:38.348"/>
</kw>
<kw name="Close Browser" library="SeleniumLibrary" type="TEARDOWN">
<doc>Closes the current browser.</doc>
<status status="PASS" starttime="20220321 16:08:38.348" endtime="20220321 16:08:38.405"/>
</kw>
<doc>Test My Page Bookings Info</doc>
<tag>Testcase 2</tag>
<status status="PASS" starttime="20220321 16:08:36.126" endtime="20220321 16:08:38.405"/>
</test>
<test id="s1-s1-t3" name="User Can Book a Car">
<kw name="Open Webbrowser" type="SETUP">
<kw name="Open Browser" library="SeleniumLibrary">
<arg>about:blank</arg>
<arg>${BROWSER}</arg>
<doc>Opens a new browser instance to the optional ``url``.</doc>
<msg timestamp="20220321 16:08:38.406" level="INFO">Opening browser 'headlesschrome' to base url 'about:blank'.</msg>
<status status="PASS" starttime="20220321 16:08:38.406" endtime="20220321 16:08:39.505"/>
</kw>
<kw name="Maximize Browser Window" library="SeleniumLibrary">
<doc>Maximizes current browser window.</doc>
<status status="PASS" starttime="20220321 16:08:39.505" endtime="20220321 16:08:39.611"/>
</kw>
<kw name="Go To" library="SeleniumLibrary">
<arg>http://rental16.infotiv.net/webpage/html/gui/index.php</arg>
<doc>Navigates the current browser window to the provided ``url``.</doc>
<msg timestamp="20220321 16:08:39.611" level="INFO">Opening url 'http://rental16.infotiv.net/webpage/html/gui/index.php'</msg>
<status status="PASS" starttime="20220321 16:08:39.611" endtime="20220321 16:08:39.873"/>
</kw>
<kw name="Wait Until Page Contains" library="SeleniumLibrary">
<arg>When do you want to make your trip?</arg>
<doc>Waits until ``text`` appears on the current page.</doc>
<status status="PASS" starttime="20220321 16:08:39.873" endtime="20220321 16:08:39.963"/>
</kw>
<status status="PASS" starttime="20220321 16:08:38.406" endtime="20220321 16:08:39.963"/>
</kw>
<kw name="Given logsin with valid credentials">
<kw name="Input Text" library="SeleniumLibrary">
<arg>xpath:/html/body/header/div/div/div[2]/form/div[1]/input[1]</arg>
<arg>Samy2@gmail.com</arg>
<doc>Types the given ``text`` into the text field identified by ``locator``.</doc>
<msg timestamp="20220321 16:08:39.964" level="INFO">Typing text 'Samy2@gmail.com' into text field 'xpath:/html/body/header/div/div/div[2]/form/div[1]/input[1]'.</msg>
<status status="PASS" starttime="20220321 16:08:39.964" endtime="20220321 16:08:40.118"/>
</kw>
<kw name="Input Text" library="SeleniumLibrary">
<arg>xpath:/html/body/header/div/div/div[2]/form/div[1]/input[2]</arg>
<arg>SteveKarl</arg>
<doc>Types the given ``text`` into the text field identified by ``locator``.</doc>
<msg timestamp="20220321 16:08:40.118" level="INFO">Typing text 'SteveKarl' into text field 'xpath:/html/body/header/div/div/div[2]/form/div[1]/input[2]'.</msg>
<status status="PASS" starttime="20220321 16:08:40.118" endtime="20220321 16:08:40.183"/>
</kw>
<kw name="Click Button" library="SeleniumLibrary">
<arg>//*[@id="login"]</arg>
<doc>Clicks the button identified by ``locator``.</doc>
<msg timestamp="20220321 16:08:40.184" level="INFO">Clicking button '//*[@id="login"]'.</msg>
<status status="PASS" starttime="20220321 16:08:40.184" endtime="20220321 16:08:40.464"/>
</kw>
<status status="PASS" starttime="20220321 16:08:39.964" endtime="20220321 16:08:40.464"/>
</kw>
<kw name="When Enter Date">
<kw name="Press Key" library="SeleniumLibrary">
<arg>xpath://*[@id="start"]</arg>
<arg>0404</arg>
<doc>*DEPRECATED in SeleniumLibrary 4.0.* use `Press Keys` instead.</doc>
<msg timestamp="20220321 16:08:40.464" level="WARN">Keyword 'SeleniumLibrary.Press Key' is deprecated. use `Press Keys` instead.</msg>
<status status="PASS" starttime="20220321 16:08:40.464" endtime="20220321 16:08:40.518"/>
</kw>
<kw name="Press Key" library="SeleniumLibrary">
<arg>xpath://*[@id="end"]</arg>
<arg>0502</arg>
<doc>*DEPRECATED in SeleniumLibrary 4.0.* use `Press Keys` instead.</doc>
<msg timestamp="20220321 16:08:40.518" level="WARN">Keyword 'SeleniumLibrary.Press Key' is deprecated. use `Press Keys` instead.</msg>
<status status="PASS" starttime="20220321 16:08:40.518" endtime="20220321 16:08:40.550"/>
</kw>
<status status="PASS" starttime="20220321 16:08:40.464" endtime="20220321 16:08:40.550"/>
</kw>
<kw name="Press Continue">
<kw name="Click Button" library="SeleniumLibrary">
<arg>//*[@id="continue"]</arg>
<doc>Clicks the button identified by ``locator``.</doc>
<msg timestamp="20220321 16:08:40.551" level="INFO">Clicking button '//*[@id="continue"]'.</msg>
<status status="PASS" starttime="20220321 16:08:40.551" endtime="20220321 16:08:40.675"/>
</kw>
<kw name="Wait Until Page Contains" library="SeleniumLibrary">
<arg>What would you like to drive?</arg>
<doc>Waits until ``text`` appears on the current page.</doc>
<status status="PASS" starttime="20220321 16:08:40.675" endtime="20220321 16:08:40.699"/>
</kw>
<status status="PASS" starttime="20220321 16:08:40.551" endtime="20220321 16:08:40.699"/>
</kw>
<kw name="Select Tesla Roadester">
<kw name="Click Button" library="SeleniumLibrary">
<arg>//*[@id="bookRoadsterpass2"]</arg>
<doc>Clicks the button identified by ``locator``.</doc>
<msg timestamp="20220321 16:08:40.700" level="INFO">Clicking button '//*[@id="bookRoadsterpass2"]'.</msg>
<status status="PASS" starttime="20220321 16:08:40.700" endtime="20220321 16:08:40.770"/>
</kw>
<kw name="Wait Until Page Contains" library="SeleniumLibrary">
<arg>Confirm booking of Tesla Roadster</arg>
<doc>Waits until ``text`` appears on the current page.</doc>
<status status="PASS" starttime="20220321 16:08:40.770" endtime="20220321 16:08:41.049"/>
</kw>
<status status="PASS" starttime="20220321 16:08:40.700" endtime="20220321 16:08:41.050"/>
</kw>
<kw name="User enters CardInfo">
<kw name="Input Text" library="SeleniumLibrary">
<arg>xpath:/html/body/div/div[2]/div[2]/form/input[1]</arg>
<arg>2301729813382914</arg>
<doc>Types the given ``text`` into the text field identified by ``locator``.</doc>
<msg timestamp="20220321 16:08:41.051" level="INFO">Typing text '2301729813382914' into text field 'xpath:/html/body/div/div[2]/div[2]/form/input[1]'.</msg>
<status status="PASS" starttime="20220321 16:08:41.051" endtime="20220321 16:08:41.130"/>
</kw>
<kw name="Input Text" library="SeleniumLibrary">
<arg>xpath:/html/body/div/div[2]/div[2]/form/input[2]</arg>
<arg>Tom</arg>
<doc>Types the given ``text`` into the text field identified by ``locator``.</doc>
<msg timestamp="20220321 16:08:41.131" level="INFO">Typing text 'Tom' into text field 'xpath:/html/body/div/div[2]/div[2]/form/input[2]'.</msg>
<status status="PASS" starttime="20220321 16:08:41.131" endtime="20220321 16:08:41.176"/>
</kw>
<kw name="Press Key" library="SeleniumLibrary">
<arg>xpath://*[@id="confirmSelection"]/form/select[1]</arg>
<arg>5</arg>
<doc>*DEPRECATED in SeleniumLibrary 4.0.* use `Press Keys` instead.</doc>
<msg timestamp="20220321 16:08:41.176" level="WARN">Keyword 'SeleniumLibrary.Press Key' is deprecated. use `Press Keys` instead.</msg>
<status status="PASS" starttime="20220321 16:08:41.176" endtime="20220321 16:08:41.214"/>
</kw>
<kw name="Press Key" library="SeleniumLibrary">
<arg>xpath://*[@id="confirmSelection"]/form/select[2]</arg>
<arg>2024</arg>
<doc>*DEPRECATED in SeleniumLibrary 4.0.* use `Press Keys` instead.</doc>
<msg timestamp="20220321 16:08:41.214" level="WARN">Keyword 'SeleniumLibrary.Press Key' is deprecated. use `Press Keys` instead.</msg>
<status status="PASS" starttime="20220321 16:08:41.214" endtime="20220321 16:08:41.244"/>
</kw>
<kw name="Input Text" library="SeleniumLibrary">
<arg>xpath:/html/body/div/div[2]/div[2]/form/input[3]</arg>
<arg>234</arg>
<doc>Types the given ``text`` into the text field identified by ``locator``.</doc>
<msg timestamp="20220321 16:08:41.244" level="INFO">Typing text '234' into text field 'xpath:/html/body/div/div[2]/div[2]/form/input[3]'.</msg>
<status status="PASS" starttime="20220321 16:08:41.244" endtime="20220321 16:08:41.287"/>
</kw>
<status status="PASS" starttime="20220321 16:08:41.050" endtime="20220321 16:08:41.287"/>
</kw>
<kw name="Then Press Confrim">
<kw name="Click Button" library="SeleniumLibrary">
<arg>//*[@id="confirm"]</arg>
<doc>Clicks the button identified by ``locator``.</doc>
<msg timestamp="20220321 16:08:41.288" level="INFO">Clicking button '//*[@id="confirm"]'.</msg>
<status status="PASS" starttime="20220321 16:08:41.288" endtime="20220321 16:08:41.361"/>
</kw>
<kw name="Wait Until Page Contains" library="SeleniumLibrary">
<arg>A Tesla Roadster is now ready for pickup 2022-04-04</arg>
<doc>Waits until ``text`` appears on the current page.</doc>
<status status="PASS" starttime="20220321 16:08:41.361" endtime="20220321 16:08:41.371"/>
</kw>
<status status="PASS" starttime="20220321 16:08:41.287" endtime="20220321 16:08:41.371"/>
</kw>
<kw name="Close Browser" library="SeleniumLibrary" type="TEARDOWN">
<doc>Closes the current browser.</doc>
<status status="PASS" starttime="20220321 16:08:41.371" endtime="20220321 16:08:41.430"/>
</kw>
<doc>Test Book Car</doc>
<tag>VG_test</tag>
<status status="PASS" starttime="20220321 16:08:38.405" endtime="20220321 16:08:41.430"/>
</test>
<status status="PASS" starttime="20220321 16:08:32.189" endtime="20220321 16:08:41.431"/>
</suite>
<status status="PASS" starttime="20220321 16:08:32.177" endtime="20220321 16:08:41.432"/>
</suite>
<statistics>
<total>
<stat pass="3" fail="0" skip="0">All Tests</stat>
</total>
<tag>
<stat pass="1" fail="0" skip="0">Testcase 1</stat>
<stat pass="1" fail="0" skip="0">Testcase 2</stat>
<stat pass="1" fail="0" skip="0">VG_test</stat>
</tag>
<suite>
<stat pass="3" fail="0" skip="0" id="s1" name="Tests">Tests</stat>
<stat pass="3" fail="0" skip="0" id="s1-s1" name="Webtest">Tests.Webtest</stat>
</suite>
</statistics>
<errors>
<msg timestamp="20220321 16:08:40.464" level="WARN">Keyword 'SeleniumLibrary.Press Key' is deprecated. use `Press Keys` instead.</msg>
<msg timestamp="20220321 16:08:40.518" level="WARN">Keyword 'SeleniumLibrary.Press Key' is deprecated. use `Press Keys` instead.</msg>
<msg timestamp="20220321 16:08:41.176" level="WARN">Keyword 'SeleniumLibrary.Press Key' is deprecated. use `Press Keys` instead.</msg>
<msg timestamp="20220321 16:08:41.214" level="WARN">Keyword 'SeleniumLibrary.Press Key' is deprecated. use `Press Keys` instead.</msg>
</errors>
</robot>
