<?xml version="1.0" encoding="UTF-8"?>
<robot generator="Robot 4.1.3 (Python 3.9.10 on darwin)" generated="20220309 15:13:49.481" rpa="false" schemaversion="2">
<suite id="s1" name="Tests" source="/Users/lyban/PycharmProjects/LabbRobotFramework/Tests">
<suite id="s1-s1" name="Webtest" source="/Users/lyban/PycharmProjects/LabbRobotFramework/Tests/webtest.robot">
<test id="s1-s1-t1" name="User Can Create New User">
<kw name="Open Webbrowser" type="SETUP">
<kw name="Open Browser" library="SeleniumLibrary">
<arg>about:blank</arg>
<arg>chrome</arg>
<doc>Opens a new browser instance to the optional ``url``.</doc>
<msg timestamp="20220309 15:13:49.594" level="INFO">Opening browser 'chrome' to base url 'about:blank'.</msg>
<status status="PASS" starttime="20220309 15:13:49.594" endtime="20220309 15:13:52.957"/>
</kw>
<kw name="Maximize Browser Window" library="SeleniumLibrary">
<doc>Maximizes current browser window.</doc>
<status status="PASS" starttime="20220309 15:13:52.958" endtime="20220309 15:13:53.102"/>
</kw>
<kw name="Go To" library="SeleniumLibrary">
<arg>http://rental16.infotiv.net/webpage/html/gui/index.php</arg>
<doc>Navigates the current browser window to the provided ``url``.</doc>
<msg timestamp="20220309 15:13:53.103" level="INFO">Opening url 'http://rental16.infotiv.net/webpage/html/gui/index.php'</msg>
<status status="PASS" starttime="20220309 15:13:53.102" endtime="20220309 15:13:53.474"/>
</kw>
<kw name="Wait Until Page Contains" library="SeleniumLibrary">
<arg>When do you want to make your trip?</arg>
<doc>Waits until ``text`` appears on the current page.</doc>
<status status="PASS" starttime="20220309 15:13:53.474" endtime="20220309 15:13:53.659"/>
</kw>
<status status="PASS" starttime="20220309 15:13:49.594" endtime="20220309 15:13:53.660"/>
</kw>
<kw name="Click Button" library="SeleniumLibrary">
<arg>//*[@id="createUser"]</arg>
<doc>Clicks the button identified by ``locator``.</doc>
<msg timestamp="20220309 15:13:53.660" level="INFO">Clicking button '//*[@id="createUser"]'.</msg>
<status status="PASS" starttime="20220309 15:13:53.660" endtime="20220309 15:13:53.844"/>
</kw>
<kw name="Given Inputs Valid New User Creadentials">
<kw name="Wait Until Page Contains" library="SeleniumLibrary">
<arg>Create a new user</arg>
<doc>Waits until ``text`` appears on the current page.</doc>
<status status="PASS" starttime="20220309 15:13:53.845" endtime="20220309 15:13:53.854"/>
</kw>
<kw name="Input Text" library="SeleniumLibrary">
<arg>xpath:/html/body/div/div[2]/form/div[1]/input[1]</arg>
<arg>Tom</arg>
<doc>Types the given ``text`` into the text field identified by ``locator``.</doc>
<msg timestamp="20220309 15:13:53.854" level="INFO">Typing text 'Tom' into text field 'xpath:/html/body/div/div[2]/form/div[1]/input[1]'.</msg>
<status status="PASS" starttime="20220309 15:13:53.854" endtime="20220309 15:13:54.003"/>
</kw>
<kw name="Input Text" library="SeleniumLibrary">
<arg>xpath:/html/body/div/div[2]/form/div[1]/input[2]</arg>
<arg>Bob</arg>
<doc>Types the given ``text`` into the text field identified by ``locator``.</doc>
<msg timestamp="20220309 15:13:54.004" level="INFO">Typing text 'Bob' into text field 'xpath:/html/body/div/div[2]/form/div[1]/input[2]'.</msg>
<status status="PASS" starttime="20220309 15:13:54.003" endtime="20220309 15:13:54.062"/>
</kw>
<kw name="Input Text" library="SeleniumLibrary">
<arg>xpath:/html/body/div/div[2]/form/div[1]/input[3]</arg>
<arg>07298445194</arg>
<doc>Types the given ``text`` into the text field identified by ``locator``.</doc>
<msg timestamp="20220309 15:13:54.062" level="INFO">Typing text '07298445194' into text field 'xpath:/html/body/div/div[2]/form/div[1]/input[3]'.</msg>
<status status="PASS" starttime="20220309 15:13:54.062" endtime="20220309 15:13:54.127"/>
</kw>
<kw name="Input Text" library="SeleniumLibrary">
<arg>xpath:/html/body/div/div[2]/form/div[1]/input[4]</arg>
<arg>Samy8@gmail.com</arg>
<doc>Types the given ``text`` into the text field identified by ``locator``.</doc>
<msg timestamp="20220309 15:13:54.128" level="INFO">Typing text 'Samy8@gmail.com' into text field 'xpath:/html/body/div/div[2]/form/div[1]/input[4]'.</msg>
<status status="PASS" starttime="20220309 15:13:54.127" endtime="20220309 15:13:54.204"/>
</kw>
<kw name="Input Text" library="SeleniumLibrary">
<arg>xpath:/html/body/div/div[2]/form/div[1]/input[5]</arg>
<arg>Samy8@gmail.com</arg>
<doc>Types the given ``text`` into the text field identified by ``locator``.</doc>
<msg timestamp="20220309 15:13:54.204" level="INFO">Typing text 'Samy8@gmail.com' into text field 'xpath:/html/body/div/div[2]/form/div[1]/input[5]'.</msg>
<status status="PASS" starttime="20220309 15:13:54.204" endtime="20220309 15:13:54.268"/>
</kw>
<kw name="Input Text" library="SeleniumLibrary">
<arg>xpath:/html/body/div/div[2]/form/div[1]/input[6]</arg>
<arg>SteveKarl</arg>
<doc>Types the given ``text`` into the text field identified by ``locator``.</doc>
<msg timestamp="20220309 15:13:54.268" level="INFO">Typing text 'SteveKarl' into text field 'xpath:/html/body/div/div[2]/form/div[1]/input[6]'.</msg>
<status status="PASS" starttime="20220309 15:13:54.268" endtime="20220309 15:13:54.317"/>
</kw>
<kw name="Input Text" library="SeleniumLibrary">
<arg>xpath:/html/body/div/div[2]/form/div[1]/input[7]</arg>
<arg>SteveKarl</arg>
<doc>Types the given ``text`` into the text field identified by ``locator``.</doc>
<msg timestamp="20220309 15:13:54.317" level="INFO">Typing text 'SteveKarl' into text field 'xpath:/html/body/div/div[2]/form/div[1]/input[7]'.</msg>
<status status="PASS" starttime="20220309 15:13:54.317" endtime="20220309 15:13:54.372"/>
</kw>
<status status="PASS" starttime="20220309 15:13:53.844" endtime="20220309 15:13:54.372"/>
</kw>
<kw name="When Press The Create Button">
<kw name="Click Button" library="SeleniumLibrary">
<arg>//*[@id="create"]</arg>
<doc>Clicks the button identified by ``locator``.</doc>
<msg timestamp="20220309 15:13:54.373" level="INFO">Clicking button '//*[@id="create"]'.</msg>
<status status="PASS" starttime="20220309 15:13:54.373" endtime="20220309 15:13:54.585"/>
</kw>
<status status="PASS" starttime="20220309 15:13:54.373" endtime="20220309 15:13:54.585"/>
</kw>
<kw name="Then Wait Until Page Contains" library="SeleniumLibrary">
<arg>Logout</arg>
<doc>Waits until ``text`` appears on the current page.</doc>
<status status="PASS" starttime="20220309 15:13:54.585" endtime="20220309 15:13:54.596"/>
</kw>
<kw name="Close Browser" library="SeleniumLibrary" type="TEARDOWN">
<doc>Closes the current browser.</doc>
<status status="PASS" starttime="20220309 15:13:54.596" endtime="20220309 15:13:54.657"/>
</kw>
<doc>Test Create New User</doc>
<tag>Testcase 1</tag>
<status status="PASS" starttime="20220309 15:13:49.593" endtime="20220309 15:13:54.657"/>
</test>
<test id="s1-s1-t2" name="User Can Access Booking Info">
<kw name="Open Webbrowser" type="SETUP">
<kw name="Open Browser" library="SeleniumLibrary">
<arg>about:blank</arg>
<arg>chrome</arg>
<doc>Opens a new browser instance to the optional ``url``.</doc>
<msg timestamp="20220309 15:13:54.658" level="INFO">Opening browser 'chrome' to base url 'about:blank'.</msg>
<status status="PASS" starttime="20220309 15:13:54.658" endtime="20220309 15:13:57.572"/>
</kw>
<kw name="Maximize Browser Window" library="SeleniumLibrary">
<doc>Maximizes current browser window.</doc>
<status status="PASS" starttime="20220309 15:13:57.572" endtime="20220309 15:13:57.695"/>
</kw>
<kw name="Go To" library="SeleniumLibrary">
<arg>http://rental16.infotiv.net/webpage/html/gui/index.php</arg>
<doc>Navigates the current browser window to the provided ``url``.</doc>
<msg timestamp="20220309 15:13:57.695" level="INFO">Opening url 'http://rental16.infotiv.net/webpage/html/gui/index.php'</msg>
<status status="PASS" starttime="20220309 15:13:57.695" endtime="20220309 15:13:58.115"/>
</kw>
<kw name="Wait Until Page Contains" library="SeleniumLibrary">
<arg>When do you want to make your trip?</arg>
<doc>Waits until ``text`` appears on the current page.</doc>
<status status="PASS" starttime="20220309 15:13:58.115" endtime="20220309 15:13:58.242"/>
</kw>
<status status="PASS" starttime="20220309 15:13:54.658" endtime="20220309 15:13:58.242"/>
</kw>
<kw name="Given LogsIn With Valid Credentials">
<kw name="Input Text" library="SeleniumLibrary">
<arg>xpath:/html/body/header/div/div/div[2]/form/div[1]/input[1]</arg>
<arg>Samy2@gmail.com</arg>
<doc>Types the given ``text`` into the text field identified by ``locator``.</doc>
<msg timestamp="20220309 15:13:58.243" level="INFO">Typing text 'Samy2@gmail.com' into text field 'xpath:/html/body/header/div/div/div[2]/form/div[1]/input[1]'.</msg>
<status status="PASS" starttime="20220309 15:13:58.243" endtime="20220309 15:13:58.403"/>
</kw>
<kw name="Input Text" library="SeleniumLibrary">
<arg>xpath:/html/body/header/div/div/div[2]/form/div[1]/input[2]</arg>
<arg>SteveKarl</arg>
<doc>Types the given ``text`` into the text field identified by ``locator``.</doc>
<msg timestamp="20220309 15:13:58.403" level="INFO">Typing text 'SteveKarl' into text field 'xpath:/html/body/header/div/div/div[2]/form/div[1]/input[2]'.</msg>
<status status="PASS" starttime="20220309 15:13:58.403" endtime="20220309 15:13:58.501"/>
</kw>
<kw name="Click Button" library="SeleniumLibrary">
<arg>//*[@id="login"]</arg>
<doc>Clicks the button identified by ``locator``.</doc>
<msg timestamp="20220309 15:13:58.502" level="INFO">Clicking button '//*[@id="login"]'.</msg>
<status status="PASS" starttime="20220309 15:13:58.501" endtime="20220309 15:13:58.798"/>
</kw>
<status status="PASS" starttime="20220309 15:13:58.242" endtime="20220309 15:13:58.798"/>
</kw>
<kw name="When Press The My Page Button">
<kw name="Click Button" library="SeleniumLibrary">
<arg>//*[@id="mypage"]</arg>
<doc>Clicks the button identified by ``locator``.</doc>
<msg timestamp="20220309 15:13:58.799" level="INFO">Clicking button '//*[@id="mypage"]'.</msg>
<status status="PASS" starttime="20220309 15:13:58.798" endtime="20220309 15:13:58.894"/>
</kw>
<kw name="Wait Until Page Contains" library="SeleniumLibrary">
<arg>My bookings</arg>
<doc>Waits until ``text`` appears on the current page.</doc>
<status status="PASS" starttime="20220309 15:13:58.894" endtime="20220309 15:13:58.902"/>
</kw>
<status status="PASS" starttime="20220309 15:13:58.798" endtime="20220309 15:13:58.902"/>
</kw>
<kw name="Then Check Booking Table Info">
<kw name="Wait Until Page Contains" library="SeleniumLibrary">
<arg>orderID</arg>
<doc>Waits until ``text`` appears on the current page.</doc>
<status status="PASS" starttime="20220309 15:13:58.903" endtime="20220309 15:13:58.910"/>
</kw>
<kw name="Wait Until Page Contains" library="SeleniumLibrary">
<arg>Brand</arg>
<doc>Waits until ``text`` appears on the current page.</doc>
<status status="PASS" starttime="20220309 15:13:58.911" endtime="20220309 15:13:58.919"/>
</kw>
<kw name="Wait Until Page Contains" library="SeleniumLibrary">
<arg>Model</arg>
<doc>Waits until ``text`` appears on the current page.</doc>
<status status="PASS" starttime="20220309 15:13:58.919" endtime="20220309 15:13:58.925"/>
</kw>
<kw name="Wait Until Page Contains" library="SeleniumLibrary">
<arg>Booked from</arg>
<doc>Waits until ``text`` appears on the current page.</doc>
<status status="PASS" starttime="20220309 15:13:58.926" endtime="20220309 15:13:58.932"/>
</kw>
<kw name="Wait Until Page Contains" library="SeleniumLibrary">
<arg>Until</arg>
<doc>Waits until ``text`` appears on the current page.</doc>
<status status="PASS" starttime="20220309 15:13:58.932" endtime="20220309 15:13:58.939"/>
</kw>
<kw name="Wait Until Page Contains" library="SeleniumLibrary">
<arg>Passengers</arg>
<doc>Waits until ``text`` appears on the current page.</doc>
<status status="PASS" starttime="20220309 15:13:58.939" endtime="20220309 15:13:58.945"/>
</kw>
<kw name="Wait Until Page Contains" library="SeleniumLibrary">
<arg>License Number</arg>
<doc>Waits until ``text`` appears on the current page.</doc>
<status status="PASS" starttime="20220309 15:13:58.945" endtime="20220309 15:13:58.953"/>
</kw>
<kw name="Wait Until Page Contains" library="SeleniumLibrary">
<arg>Cancel booking</arg>
<doc>Waits until ``text`` appears on the current page.</doc>
<status status="PASS" starttime="20220309 15:13:58.953" endtime="20220309 15:13:58.960"/>
</kw>
<status status="PASS" starttime="20220309 15:13:58.903" endtime="20220309 15:13:58.960"/>
</kw>
<kw name="Close Browser" library="SeleniumLibrary" type="TEARDOWN">
<doc>Closes the current browser.</doc>
<status status="PASS" starttime="20220309 15:13:58.960" endtime="20220309 15:13:59.020"/>
</kw>
<doc>Test My Page Bookings Info</doc>
<tag>Testcase 2</tag>
<status status="PASS" starttime="20220309 15:13:54.657" endtime="20220309 15:13:59.020"/>
</test>
<test id="s1-s1-t3" name="User Can Book a Car">
<kw name="Open Webbrowser" type="SETUP">
<kw name="Open Browser" library="SeleniumLibrary">
<arg>about:blank</arg>
<arg>chrome</arg>
<doc>Opens a new browser instance to the optional ``url``.</doc>
<msg timestamp="20220309 15:13:59.021" level="INFO">Opening browser 'chrome' to base url 'about:blank'.</msg>
<status status="PASS" starttime="20220309 15:13:59.021" endtime="20220309 15:14:00.838"/>
</kw>
<kw name="Maximize Browser Window" library="SeleniumLibrary">
<doc>Maximizes current browser window.</doc>
<status status="PASS" starttime="20220309 15:14:00.839" endtime="20220309 15:14:00.959"/>
</kw>
<kw name="Go To" library="SeleniumLibrary">
<arg>http://rental16.infotiv.net/webpage/html/gui/index.php</arg>
<doc>Navigates the current browser window to the provided ``url``.</doc>
<msg timestamp="20220309 15:14:00.959" level="INFO">Opening url 'http://rental16.infotiv.net/webpage/html/gui/index.php'</msg>
<status status="PASS" starttime="20220309 15:14:00.959" endtime="20220309 15:14:01.340"/>
</kw>
<kw name="Wait Until Page Contains" library="SeleniumLibrary">
<arg>When do you want to make your trip?</arg>
<doc>Waits until ``text`` appears on the current page.</doc>
<status status="PASS" starttime="20220309 15:14:01.340" endtime="20220309 15:14:01.466"/>
</kw>
<status status="PASS" starttime="20220309 15:13:59.021" endtime="20220309 15:14:01.466"/>
</kw>
<kw name="Given logsin with valid credentials">
<kw name="Input Text" library="SeleniumLibrary">
<arg>xpath:/html/body/header/div/div/div[2]/form/div[1]/input[1]</arg>
<arg>Samy2@gmail.com</arg>
<doc>Types the given ``text`` into the text field identified by ``locator``.</doc>
<msg timestamp="20220309 15:14:01.467" level="INFO">Typing text 'Samy2@gmail.com' into text field 'xpath:/html/body/header/div/div/div[2]/form/div[1]/input[1]'.</msg>
<status status="PASS" starttime="20220309 15:14:01.467" endtime="20220309 15:14:01.639"/>
</kw>
<kw name="Input Text" library="SeleniumLibrary">
<arg>xpath:/html/body/header/div/div/div[2]/form/div[1]/input[2]</arg>
<arg>SteveKarl</arg>
<doc>Types the given ``text`` into the text field identified by ``locator``.</doc>
<msg timestamp="20220309 15:14:01.639" level="INFO">Typing text 'SteveKarl' into text field 'xpath:/html/body/header/div/div/div[2]/form/div[1]/input[2]'.</msg>
<status status="PASS" starttime="20220309 15:14:01.639" endtime="20220309 15:14:01.721"/>
</kw>
<kw name="Click Button" library="SeleniumLibrary">
<arg>//*[@id="login"]</arg>
<doc>Clicks the button identified by ``locator``.</doc>
<msg timestamp="20220309 15:14:01.721" level="INFO">Clicking button '//*[@id="login"]'.</msg>
<status status="PASS" starttime="20220309 15:14:01.721" endtime="20220309 15:14:02.001"/>
</kw>
<status status="PASS" starttime="20220309 15:14:01.467" endtime="20220309 15:14:02.002"/>
</kw>
<kw name="When Enter Date">
<kw name="Press Key" library="SeleniumLibrary">
<arg>xpath://*[@id="start"]</arg>
<arg>0404</arg>
<doc>*DEPRECATED in SeleniumLibrary 4.0.* use `Press Keys` instead.</doc>
<msg timestamp="20220309 15:14:02.002" level="WARN">Keyword 'SeleniumLibrary.Press Key' is deprecated. use `Press Keys` instead.</msg>
<status status="PASS" starttime="20220309 15:14:02.002" endtime="20220309 15:14:02.052"/>
</kw>
<kw name="Press Key" library="SeleniumLibrary">
<arg>xpath://*[@id="end"]</arg>
<arg>0502</arg>
<doc>*DEPRECATED in SeleniumLibrary 4.0.* use `Press Keys` instead.</doc>
<msg timestamp="20220309 15:14:02.052" level="WARN">Keyword 'SeleniumLibrary.Press Key' is deprecated. use `Press Keys` instead.</msg>
<status status="PASS" starttime="20220309 15:14:02.052" endtime="20220309 15:14:02.091"/>
</kw>
<status status="PASS" starttime="20220309 15:14:02.002" endtime="20220309 15:14:02.091"/>
</kw>
<kw name="Press Continue">
<kw name="Click Button" library="SeleniumLibrary">
<arg>//*[@id="continue"]</arg>
<doc>Clicks the button identified by ``locator``.</doc>
<msg timestamp="20220309 15:14:02.092" level="INFO">Clicking button '//*[@id="continue"]'.</msg>
<status status="PASS" starttime="20220309 15:14:02.092" endtime="20220309 15:14:02.435"/>
</kw>
<kw name="Wait Until Page Contains" library="SeleniumLibrary">
<arg>What would you like to drive?</arg>
<doc>Waits until ``text`` appears on the current page.</doc>
<status status="PASS" starttime="20220309 15:14:02.435" endtime="20220309 15:14:02.446"/>
</kw>
<status status="PASS" starttime="20220309 15:14:02.091" endtime="20220309 15:14:02.446"/>
</kw>
<kw name="Select Tesla Roadester">
<kw name="Click Button" library="SeleniumLibrary">
<arg>//*[@id="bookRoadsterpass2"]</arg>
<doc>Clicks the button identified by ``locator``.</doc>
<msg timestamp="20220309 15:14:02.446" level="INFO">Clicking button '//*[@id="bookRoadsterpass2"]'.</msg>
<status status="PASS" starttime="20220309 15:14:02.446" endtime="20220309 15:14:02.571"/>
</kw>
<kw name="Wait Until Page Contains" library="SeleniumLibrary">
<arg>Confirm booking of Tesla Roadster</arg>
<doc>Waits until ``text`` appears on the current page.</doc>
<status status="PASS" starttime="20220309 15:14:02.571" endtime="20220309 15:14:02.580"/>
</kw>
<status status="PASS" starttime="20220309 15:14:02.446" endtime="20220309 15:14:02.580"/>
</kw>
<kw name="User enters CardInfo">
<kw name="Input Text" library="SeleniumLibrary">
<arg>xpath:/html/body/div/div[2]/div[2]/form/input[1]</arg>
<arg>2301729813382914</arg>
<doc>Types the given ``text`` into the text field identified by ``locator``.</doc>
<msg timestamp="20220309 15:14:02.580" level="INFO">Typing text '2301729813382914' into text field 'xpath:/html/body/div/div[2]/div[2]/form/input[1]'.</msg>
<status status="PASS" starttime="20220309 15:14:02.580" endtime="20220309 15:14:02.652"/>
</kw>
<kw name="Input Text" library="SeleniumLibrary">
<arg>xpath:/html/body/div/div[2]/div[2]/form/input[2]</arg>
<arg>Tom</arg>
<doc>Types the given ``text`` into the text field identified by ``locator``.</doc>
<msg timestamp="20220309 15:14:02.653" level="INFO">Typing text 'Tom' into text field 'xpath:/html/body/div/div[2]/div[2]/form/input[2]'.</msg>
<status status="PASS" starttime="20220309 15:14:02.652" endtime="20220309 15:14:02.702"/>
</kw>
<kw name="Press Key" library="SeleniumLibrary">
<arg>xpath://*[@id="confirmSelection"]/form/select[1]</arg>
<arg>5</arg>
<doc>*DEPRECATED in SeleniumLibrary 4.0.* use `Press Keys` instead.</doc>
<msg timestamp="20220309 15:14:02.702" level="WARN">Keyword 'SeleniumLibrary.Press Key' is deprecated. use `Press Keys` instead.</msg>
<status status="PASS" starttime="20220309 15:14:02.702" endtime="20220309 15:14:02.734"/>
</kw>
<kw name="Press Key" library="SeleniumLibrary">
<arg>xpath://*[@id="confirmSelection"]/form/select[2]</arg>
<arg>2024</arg>
<doc>*DEPRECATED in SeleniumLibrary 4.0.* use `Press Keys` instead.</doc>
<msg timestamp="20220309 15:14:02.734" level="WARN">Keyword 'SeleniumLibrary.Press Key' is deprecated. use `Press Keys` instead.</msg>
<status status="PASS" starttime="20220309 15:14:02.734" endtime="20220309 15:14:02.767"/>
</kw>
<kw name="Input Text" library="SeleniumLibrary">
<arg>xpath:/html/body/div/div[2]/div[2]/form/input[3]</arg>
<arg>234</arg>
<doc>Types the given ``text`` into the text field identified by ``locator``.</doc>
<msg timestamp="20220309 15:14:02.768" level="INFO">Typing text '234' into text field 'xpath:/html/body/div/div[2]/div[2]/form/input[3]'.</msg>
<status status="PASS" starttime="20220309 15:14:02.768" endtime="20220309 15:14:02.814"/>
</kw>
<status status="PASS" starttime="20220309 15:14:02.580" endtime="20220309 15:14:02.814"/>
</kw>
<kw name="Then Press Confrim">
<kw name="Click Button" library="SeleniumLibrary">
<arg>//*[@id="confirm"]</arg>
<doc>Clicks the button identified by ``locator``.</doc>
<msg timestamp="20220309 15:14:02.815" level="INFO">Clicking button '//*[@id="confirm"]'.</msg>
<status status="PASS" starttime="20220309 15:14:02.815" endtime="20220309 15:14:02.888"/>
</kw>
<kw name="Wait Until Page Contains" library="SeleniumLibrary">
<arg>A Tesla Roadster is now ready for pickup 2022-04-04</arg>
<doc>Waits until ``text`` appears on the current page.</doc>
<status status="PASS" starttime="20220309 15:14:02.888" endtime="20220309 15:14:02.897"/>
</kw>
<status status="PASS" starttime="20220309 15:14:02.814" endtime="20220309 15:14:02.898"/>
</kw>
<kw name="Close Browser" library="SeleniumLibrary" type="TEARDOWN">
<doc>Closes the current browser.</doc>
<status status="PASS" starttime="20220309 15:14:02.898" endtime="20220309 15:14:02.958"/>
</kw>
<doc>Test Book Car</doc>
<tag>VG_test</tag>
<status status="PASS" starttime="20220309 15:13:59.020" endtime="20220309 15:14:02.959"/>
</test>
<status status="PASS" starttime="20220309 15:13:49.494" endtime="20220309 15:14:02.959"/>
</suite>
<status status="PASS" starttime="20220309 15:13:49.482" endtime="20220309 15:14:02.961"/>
</suite>
<statistics>
<total>
<stat pass="3" fail="0" skip="0">All Tests</stat>
</total>
<tag>
<stat pass="1" fail="0" skip="0">Testcase 1</stat>
<stat pass="1" fail="0" skip="0">Testcase 2</stat>
<stat pass="1" fail="0" skip="0">VG_test</stat>
</tag>
<suite>
<stat pass="3" fail="0" skip="0" id="s1" name="Tests">Tests</stat>
<stat pass="3" fail="0" skip="0" id="s1-s1" name="Webtest">Tests.Webtest</stat>
</suite>
</statistics>
<errors>
<msg timestamp="20220309 15:14:02.002" level="WARN">Keyword 'SeleniumLibrary.Press Key' is deprecated. use `Press Keys` instead.</msg>
<msg timestamp="20220309 15:14:02.052" level="WARN">Keyword 'SeleniumLibrary.Press Key' is deprecated. use `Press Keys` instead.</msg>
<msg timestamp="20220309 15:14:02.702" level="WARN">Keyword 'SeleniumLibrary.Press Key' is deprecated. use `Press Keys` instead.</msg>
<msg timestamp="20220309 15:14:02.734" level="WARN">Keyword 'SeleniumLibrary.Press Key' is deprecated. use `Press Keys` instead.</msg>
</errors>
</robot>
